<?xml version="1.0" encoding="utf-8"?><testsuites name="pytest tests"><testsuite name="pytest" errors="0" failures="0" skipped="0" tests="16" time="42.783" timestamp="2026-02-03T22:28:40.483778+00:00" hostname="agent-env-4465e135-dcf3-4005-8b36-e952d4385174"><testcase classname="backend.tests.test_tradergenie_api.TestHealthCheck" name="test_api_root" time="0.081" /><testcase classname="backend.tests.test_tradergenie_api.TestStrategies" name="test_get_strategies" time="0.047" /><testcase classname="backend.tests.test_tradergenie_api.TestStrategies" name="test_get_strategy_by_id" time="0.039" /><testcase classname="backend.tests.test_tradergenie_api.TestStrategies" name="test_get_nonexistent_strategy" time="0.064" /><testcase classname="backend.tests.test_tradergenie_api.TestMarketScanner" name="test_scan_market" time="0.290" /><testcase classname="backend.tests.test_tradergenie_api.TestMarketScanner" name="test_scan_with_specific_strategies" time="0.046" /><testcase classname="backend.tests.test_tradergenie_api.TestMarketScanner" name="test_scanner_history" time="0.043" /><testcase classname="backend.tests.test_tradergenie_api.TestMarketData" name="test_get_market_prices" time="4.817" /><testcase classname="backend.tests.test_tradergenie_api.TestMarketData" name="test_get_top_coins" time="5.067" /><testcase classname="backend.tests.test_tradergenie_api.TestMarketData" name="test_get_trending_coins" time="4.945" /><testcase classname="backend.tests.test_tradergenie_api.TestMarketData" name="test_get_global_data" time="5.034" /><testcase classname="backend.tests.test_tradergenie_api.TestMarketIntelligence" name="test_get_intelligence_overview" time="10.053" /><testcase classname="backend.tests.test_tradergenie_api.TestMarketIntelligence" name="test_get_news" time="0.070" /><testcase classname="backend.tests.test_tradergenie_api.TestSignalGeneration" name="test_generate_signal" time="6.977" /><testcase classname="backend.tests.test_tradergenie_api.TestSignalGeneration" name="test_get_signal_history" time="0.055" /><testcase classname="backend.tests.test_tradergenie_api.TestAIStrategyBuilder" name="test_generate_ai_strategy" time="5.009" /></testsuite></testsuites>